<?xml version="1.0" encoding="UTF-8"?>
<!-- Generated by org.testng.reporters.JUnitXMLReporter -->
<testsuite ignored="0" hostname="DESKTOP-BNJ4BOR" failures="0" tests="4" name="Test" time="6.998" errors="0" timestamp="2025-04-03T11:45:55 IST">
  <testcase classname="com.testcase.LoginPage_TestCase" name="testValidCredential" time="6.897"/>
  <testcase classname="com.testCase2.RegisterPageTestCase" name="testTitle" time="0.003"/>
  <testcase classname="com.testCase2.RegisterPageTestCase" name="testinvalid" time="0.004"/>
  <testcase classname="com.testCase2.RegisterPageTestCase" name="testvalid" time="0.001"/>
</testsuite> <!-- Test -->
