<?xml version="1.0" encoding="UTF-8"?>
<testng-results ignored="0" total="3" passed="3" failed="0" skipped="0">
  <reporter-output>
  </reporter-output>
  <suite started-at="2025-04-03T14:52:31 IST" name="Default suite" finished-at="2025-04-03T14:52:31 IST" duration-ms="121">
    <groups>
    </groups>
    <test started-at="2025-04-03T14:52:31 IST" name="Default test" finished-at="2025-04-03T14:52:31 IST" duration-ms="121">
      <class name="com.testCase2.RegisterPageTestCase">
        <test-method signature="testTitle()[pri:0, instance:com.testCase2.RegisterPageTestCase@3cebbb30]" started-at="2025-04-03T14:52:31 IST" name="testTitle" finished-at="2025-04-03T14:52:31 IST" duration-ms="14" status="PASS">
          <reporter-output>
          </reporter-output>
        </test-method> <!-- testTitle -->
        <test-method signature="testinvalid()[pri:0, instance:com.testCase2.RegisterPageTestCase@3cebbb30]" started-at="2025-04-03T14:52:31 IST" name="testinvalid" finished-at="2025-04-03T14:52:31 IST" duration-ms="4" status="PASS">
          <reporter-output>
          </reporter-output>
        </test-method> <!-- testinvalid -->
        <test-method signature="testvalid()[pri:0, instance:com.testCase2.RegisterPageTestCase@3cebbb30]" started-at="2025-04-03T14:52:31 IST" name="testvalid" finished-at="2025-04-03T14:52:31 IST" duration-ms="6" status="PASS">
          <reporter-output>
          </reporter-output>
        </test-method> <!-- testvalid -->
      </class> <!-- com.testCase2.RegisterPageTestCase -->
    </test> <!-- Default test -->
  </suite> <!-- Default suite -->
</testng-results>
