<?xml version="1.0" encoding="UTF-8"?>
<testng-results ignored="0" total="1" passed="1" failed="0" skipped="0">
  <reporter-output>
  </reporter-output>
  <suite started-at="2025-04-04T11:07:45 IST" name="Default suite" finished-at="2025-04-04T11:07:50 IST" duration-ms="5853">
    <groups>
    </groups>
    <test started-at="2025-04-04T11:07:45 IST" name="Default test" finished-at="2025-04-04T11:07:50 IST" duration-ms="5853">
      <class name="com.testcase.LoginPage_TestCase">
        <test-method signature="testValidCredential()[pri:0, instance:com.testcase.LoginPage_TestCase@27462a88]" started-at="2025-04-04T11:07:45 IST" name="testValidCredential" finished-at="2025-04-04T11:07:50 IST" duration-ms="5775" status="PASS">
          <reporter-output>
          </reporter-output>
        </test-method> <!-- testValidCredential -->
      </class> <!-- com.testcase.LoginPage_TestCase -->
    </test> <!-- Default test -->
  </suite> <!-- Default suite -->
</testng-results>
